<?xml version="1.0" encoding="UTF-8"?>
<testsuite xmlns:xsi="http://www.w3.org/2001/XMLSchema-instance" xsi:noNamespaceSchemaLocation="https://maven.apache.org/surefire/maven-surefire-plugin/xsd/surefire-test-report.xsd" version="3.0.2" name="com.example.streaming.StreamingappApplicationTests" time="21.487" tests="1" errors="0" skipped="0" failures="0">
  <properties>
[...]
</properties>
  <testcase name="contextLoads" classname="com.example.streaming.StreamingappApplicationTests" time="0.45">
    <system-out><![CDATA[01:40:03.887 [main] INFO org.springframework.test.context.support.AnnotationConfigContextLoaderUtils -- Could not detect default configuration classes for test class [com.example.streaming.StreamingappApplicationTests]: StreamingappApplicationTests does not declare any static, non-private, non-final, nested classes annotated with @Configuration.
01:40:04.273 [main] INFO org.springframework.boot.test.context.SpringBootTestContextBootstrapper -- Found @SpringBootConfiguration com.example.streaming.StreamingappApplication for test class com.example.streaming.StreamingappApplicationTests
01:40:04.765 [main] INFO org.springframework.boot.devtools.restart.RestartApplicationListener -- Restart disabled due to context in which it is running

  .   ____          _            __ _ _
 /\\ / ___'_ __ _ _(_)_ __  __ _ \ \ \ \
( ( )\___ | '_ | '_| | '_ \/ _` | \ \ \ \
 \\/  ___)| |_)| | | | | || (_| |  ) ) ) )
  '  |____| .__|_| |_|_| |_\__, | / / / /
 =========|_|==============|___/=/_/_/_/

 :: Spring Boot ::                (v3.4.4)

2025-04-22T01:40:05.870+01:00  INFO 19188 --- [           main] c.e.s.StreamingappApplicationTests       : Starting StreamingappApplicationTests using Java 21.0.6 with PID 19188 (started by Envy in C:\Users\Envy\Desktop\java\streaming)
2025-04-22T01:40:05.961+01:00  INFO 19188 --- [           main] c.e.s.StreamingappApplicationTests       : No active profile set, falling back to 1 default profile: "default"
2025-04-22T01:40:08.904+01:00  INFO 19188 --- [           main] .s.d.r.c.RepositoryConfigurationDelegate : Multiple Spring Data modules found, entering strict repository configuration mode
2025-04-22T01:40:08.909+01:00  INFO 19188 --- [           main] .s.d.r.c.RepositoryConfigurationDelegate : Bootstrapping Spring Data JPA repositories in DEFAULT mode.
2025-04-22T01:40:09.311+01:00  INFO 19188 --- [           main] .s.d.r.c.RepositoryConfigurationDelegate : Finished Spring Data repository scanning in 379 ms. Found 2 JPA repository interfaces.
2025-04-22T01:40:09.360+01:00  INFO 19188 --- [           main] .s.d.r.c.RepositoryConfigurationDelegate : Multiple Spring Data modules found, entering strict repository configuration mode
2025-04-22T01:40:09.364+01:00  INFO 19188 --- [           main] .s.d.r.c.RepositoryConfigurationDelegate : Bootstrapping Spring Data Redis repositories in DEFAULT mode.
2025-04-22T01:40:09.411+01:00  INFO 19188 --- [           main] .RepositoryConfigurationExtensionSupport : Spring Data Redis - Could not safely identify store assignment for repository candidate interface com.example.streaming.repository.EventRepository; If you want this repository to be a Redis repository, consider annotating your entities with one of these annotations: org.springframework.data.redis.core.RedisHash (preferred), or consider extending one of the following types with your repository: org.springframework.data.keyvalue.repository.KeyValueRepository
2025-04-22T01:40:09.412+01:00  INFO 19188 --- [           main] .RepositoryConfigurationExtensionSupport : Spring Data Redis - Could not safely identify store assignment for repository candidate interface com.example.streaming.repository.ParticipantRepository; If you want this repository to be a Redis repository, consider annotating your entities with one of these annotations: org.springframework.data.redis.core.RedisHash (preferred), or consider extending one of the following types with your repository: org.springframework.data.keyvalue.repository.KeyValueRepository
2025-04-22T01:40:09.412+01:00  INFO 19188 --- [           main] .s.d.r.c.RepositoryConfigurationDelegate : Finished Spring Data repository scanning in 20 ms. Found 0 Redis repository interfaces.
2025-04-22T01:40:11.037+01:00  INFO 19188 --- [           main] o.hibernate.jpa.internal.util.LogHelper  : HHH000204: Processing PersistenceUnitInfo [name: default]
2025-04-22T01:40:11.216+01:00  INFO 19188 --- [           main] org.hibernate.Version                    : HHH000412: Hibernate ORM core version 6.6.11.Final
2025-04-22T01:40:11.317+01:00  INFO 19188 --- [           main] o.h.c.internal.RegionFactoryInitiator    : HHH000026: Second-level cache disabled
2025-04-22T01:40:12.331+01:00  INFO 19188 --- [           main] o.s.o.j.p.SpringPersistenceUnitInfo      : No LoadTimeWeaver setup: ignoring JPA class transformer
2025-04-22T01:40:12.401+01:00  INFO 19188 --- [           main] com.zaxxer.hikari.HikariDataSource       : HikariPool - Starting...
2025-04-22T01:40:12.879+01:00  INFO 19188 --- [           main] com.zaxxer.hikari.pool.HikariPool        : HikariPool - Added connection com.mysql.cj.jdbc.ConnectionImpl@be1c08a
2025-04-22T01:40:12.884+01:00  INFO 19188 --- [           main] com.zaxxer.hikari.HikariDataSource       : HikariPool - Start completed.
2025-04-22T01:40:13.184+01:00  WARN 19188 --- [           main] org.hibernate.dialect.Dialect            : HHH000511: The 5.5.5 version for [org.hibernate.dialect.MySQLDialect] is no longer supported, hence certain features may not work properly. The minimum supported version is 8.0.0. Check the community dialects project for available legacy versions.
2025-04-22T01:40:13.201+01:00  WARN 19188 --- [           main] org.hibernate.orm.deprecation            : HHH90000025: MySQLDialect does not need to be specified explicitly using 'hibernate.dialect' (remove the property setting and it will be selected by default)
2025-04-22T01:40:13.247+01:00  INFO 19188 --- [           main] org.hibernate.orm.connections.pooling    : HHH10001005: Database info:
	Database JDBC URL [Connecting through datasource 'HikariDataSource (HikariPool)']
	Database driver: undefined/unknown
	Database version: 5.5.5
	Autocommit mode: undefined/unknown
	Isolation level: undefined/unknown
	Minimum pool size: undefined/unknown
	Maximum pool size: undefined/unknown
2025-04-22T01:40:15.371+01:00  INFO 19188 --- [           main] o.h.e.t.j.p.i.JtaPlatformInitiator       : HHH000489: No JTA platform available (set 'hibernate.transaction.jta.platform' to enable JTA platform integration)
2025-04-22T01:40:16.021+01:00  INFO 19188 --- [           main] j.LocalContainerEntityManagerFactoryBean : Initialized JPA EntityManagerFactory for persistence unit 'default'
2025-04-22T01:40:17.431+01:00  INFO 19188 --- [           main] o.s.d.j.r.query.QueryEnhancerFactory     : Hibernate is in classpath; If applicable, HQL parser will be used.
2025-04-22T01:40:21.464+01:00  WARN 19188 --- [           main] JpaBaseConfiguration$JpaWebConfiguration : spring.jpa.open-in-view is enabled by default. Therefore, database queries may be performed during view rendering. Explicitly configure spring.jpa.open-in-view to disable this warning
2025-04-22T01:40:21.949+01:00  INFO 19188 --- [           main] o.s.v.b.OptionalValidatorFactoryBean     : Failed to set up a Bean Validation provider: jakarta.validation.NoProviderFoundException: Unable to create a Configuration, because no Jakarta Bean Validation provider could be found. Add a provider like Hibernate Validator (RI) to your classpath.
2025-04-22T01:40:24.448+01:00  INFO 19188 --- [           main] c.e.s.StreamingappApplicationTests       : Started StreamingappApplicationTests in 19.712 seconds (process running for 22.64)
]]></system-out>
  </testcase>
</testsuite>